110623 11:05:25 [Note] Plugin 'FEDERATED' is disabled.
InnoDB: The first specified data file .\ibdata1 did not exist:
InnoDB: a new database to be created!
110623 11:05:25  InnoDB: Setting file .\ibdata1 size to 10 MB
InnoDB: Database physically writes the file full: wait...
110623 11:05:26  InnoDB: Log file .\ib_logfile0 did not exist: new to be created
InnoDB: Setting log file .\ib_logfile0 size to 5 MB
InnoDB: Database physically writes the file full: wait...
110623 11:05:26  InnoDB: Log file .\ib_logfile1 did not exist: new to be created
InnoDB: Setting log file .\ib_logfile1 size to 5 MB
InnoDB: Database physically writes the file full: wait...
InnoDB: Doublewrite buffer not found: creating new
InnoDB: Doublewrite buffer created
InnoDB: Creating foreign key constraint system tables
InnoDB: Foreign key constraint system tables created
110623 11:05:27  InnoDB: Started; log sequence number 0 0
110623 11:05:27 [Note] Event Scheduler: Loaded 0 events
110623 11:05:27 [Note] wampmysqld: ready for connections.
Version: '5.1.53-community-log'  socket: ''  port: 3306  MySQL Community Server (GPL)
110623 23:49:44 [Note] wampmysqld: Normal shutdown

110623 23:49:44 [Note] Event Scheduler: Purging the queue. 0 events
110623 23:49:45  InnoDB: Starting shutdown...
110623 23:49:47  InnoDB: Shutdown completed; log sequence number 0 44233
110623 23:49:49 [Note] wampmysqld: Shutdown complete

110624 15:18:42 [Note] Plugin 'FEDERATED' is disabled.
110624 15:18:44  InnoDB: Started; log sequence number 0 44233
110624 15:18:44 [Note] Event Scheduler: Loaded 0 events
110624 15:18:44 [Note] wampmysqld: ready for connections.
Version: '5.1.53-community-log'  socket: ''  port: 3306  MySQL Community Server (GPL)
110702 13:22:28 [Note] Plugin 'FEDERATED' is disabled.
110702 13:22:29  InnoDB: Started; log sequence number 0 44233
110702 13:22:29 [Note] Recovering after a crash using mysql-bin
110702 13:22:29 [Note] Starting crash recovery...
110702 13:22:29 [Note] Crash recovery finished.
110702 13:22:31 [Note] Event Scheduler: Loaded 0 events
110702 13:22:31 [Note] wampmysqld: ready for connections.
Version: '5.1.53-community-log'  socket: ''  port: 3306  MySQL Community Server (GPL)
110702 15:41:24 [Note] wampmysqld: Normal shutdown

110702 15:41:24 [Note] Event Scheduler: Purging the queue. 0 events
110702 15:41:24  InnoDB: Starting shutdown...
110702 15:41:26  InnoDB: Shutdown completed; log sequence number 0 44233
110702 15:41:26 [Note] wampmysqld: Shutdown complete

110703 12:24:16 [Note] Plugin 'FEDERATED' is disabled.
110703 12:24:18  InnoDB: Started; log sequence number 0 44233
110703 12:24:19 [Note] Event Scheduler: Loaded 0 events
110703 12:24:19 [Note] wampmysqld: ready for connections.
Version: '5.1.53-community-log'  socket: ''  port: 3306  MySQL Community Server (GPL)
110703 23:03:24 [Note] wampmysqld: Normal shutdown

110703 23:03:27 [Note] Event Scheduler: Purging the queue. 0 events
110703 23:03:31  InnoDB: Starting shutdown...
110703 23:03:33  InnoDB: Shutdown completed; log sequence number 0 44233
110703 23:03:34 [Note] wampmysqld: Shutdown complete

110707 11:59:24 [Note] Plugin 'FEDERATED' is disabled.
110707 11:59:26  InnoDB: Started; log sequence number 0 44233
110707 11:59:27 [Note] Event Scheduler: Loaded 0 events
110707 11:59:27 [Note] wampmysqld: ready for connections.
Version: '5.1.53-community-log'  socket: ''  port: 3306  MySQL Community Server (GPL)
110707 15:29:37 [Note] wampmysqld: Normal shutdown

110707 15:29:37 [Note] Event Scheduler: Purging the queue. 0 events
110707 15:29:37  InnoDB: Starting shutdown...
110707 15:29:38  InnoDB: Shutdown completed; log sequence number 0 44233
110707 15:29:38 [Note] wampmysqld: Shutdown complete

110708  9:23:10 [Note] Plugin 'FEDERATED' is disabled.
110708  9:23:11  InnoDB: Started; log sequence number 0 44233
110708  9:23:13 [Note] Event Scheduler: Loaded 0 events
110708  9:23:13 [Note] wampmysqld: ready for connections.
Version: '5.1.53-community-log'  socket: ''  port: 3306  MySQL Community Server (GPL)
110708 21:16:29 [Note] wampmysqld: Normal shutdown

110708 21:16:31 [Note] Event Scheduler: Purging the queue. 0 events
110708 21:16:33  InnoDB: Starting shutdown...
110708 21:16:37  InnoDB: Shutdown completed; log sequence number 0 44233
110708 21:16:37 [Note] wampmysqld: Shutdown complete

110709  1:00:04 [Note] Plugin 'FEDERATED' is disabled.
110709  1:00:06  InnoDB: Started; log sequence number 0 44233
110709  1:00:07 [Note] Event Scheduler: Loaded 0 events
110709  1:00:07 [Note] wampmysqld: ready for connections.
Version: '5.1.53-community-log'  socket: ''  port: 3306  MySQL Community Server (GPL)
110709 11:24:58 [Note] Plugin 'FEDERATED' is disabled.
110709 11:24:59  InnoDB: Started; log sequence number 0 44233
110709 11:24:59 [Note] Recovering after a crash using mysql-bin
110709 11:24:59 [Note] Starting crash recovery...
110709 11:24:59 [Note] Crash recovery finished.
110709 11:25:00 [Note] Event Scheduler: Loaded 0 events
110709 11:25:00 [Note] wampmysqld: ready for connections.
Version: '5.1.53-community-log'  socket: ''  port: 3306  MySQL Community Server (GPL)
110709 16:39:24 [Note] wampmysqld: Normal shutdown

110709 16:39:24 [Note] Event Scheduler: Purging the queue. 0 events
110709 16:39:25  InnoDB: Starting shutdown...
110709 16:39:28  InnoDB: Shutdown completed; log sequence number 0 44233
110709 16:39:31 [Note] wampmysqld: Shutdown complete

110709 23:10:29 [Note] Plugin 'FEDERATED' is disabled.
110709 23:10:30  InnoDB: Started; log sequence number 0 44233
110709 23:10:31 [Note] Event Scheduler: Loaded 0 events
110709 23:10:31 [Note] wampmysqld: ready for connections.
Version: '5.1.53-community-log'  socket: ''  port: 3306  MySQL Community Server (GPL)
110710  1:45:49 [Note] wampmysqld: Normal shutdown

110710  1:45:49 [Note] Event Scheduler: Purging the queue. 0 events
110710  1:45:49  InnoDB: Starting shutdown...
110710  1:45:50  InnoDB: Shutdown completed; log sequence number 0 44233
110710  1:45:50 [Note] wampmysqld: Shutdown complete

110710 11:45:55 [Note] Plugin 'FEDERATED' is disabled.
110710 11:45:55  InnoDB: Started; log sequence number 0 44233
110710 11:45:55 [Note] Event Scheduler: Loaded 0 events
110710 11:45:55 [Note] wampmysqld: ready for connections.
Version: '5.1.53-community-log'  socket: ''  port: 3306  MySQL Community Server (GPL)
110710 23:31:38 [Note] wampmysqld: Normal shutdown

110710 23:31:38 [Note] Event Scheduler: Purging the queue. 0 events
110710 23:31:38  InnoDB: Starting shutdown...
110710 23:31:41  InnoDB: Shutdown completed; log sequence number 0 44233
110710 23:31:41 [Note] wampmysqld: Shutdown complete

110712 21:12:36 [Note] Plugin 'FEDERATED' is disabled.
110712 21:12:38  InnoDB: Started; log sequence number 0 44233
110712 21:12:41 [Note] Event Scheduler: Loaded 0 events
110712 21:12:41 [Note] wampmysqld: ready for connections.
Version: '5.1.53-community-log'  socket: ''  port: 3306  MySQL Community Server (GPL)
110730 17:18:32 [Note] Plugin 'FEDERATED' is disabled.
110730 17:18:36  InnoDB: Started; log sequence number 0 44233
110730 17:18:36 [Note] Recovering after a crash using mysql-bin
110730 17:18:36 [Note] Starting crash recovery...
110730 17:18:36 [Note] Crash recovery finished.
110730 17:18:43 [Note] Event Scheduler: Loaded 0 events
110730 17:18:43 [Note] wampmysqld: ready for connections.
Version: '5.1.53-community-log'  socket: ''  port: 3306  MySQL Community Server (GPL)
110730 17:32:45 [Note] wampmysqld: Normal shutdown

110730 17:32:45 [Note] Event Scheduler: Purging the queue. 0 events
110730 17:32:45  InnoDB: Starting shutdown...
110730 17:32:46  InnoDB: Shutdown completed; log sequence number 0 44233
110730 17:32:46 [Note] wampmysqld: Shutdown complete

110907 19:52:19 [Note] Plugin 'FEDERATED' is disabled.
110907 19:52:20  InnoDB: Started; log sequence number 0 44233
110907 19:52:21 [Note] Event Scheduler: Loaded 0 events
110907 19:52:21 [Note] wampmysqld: ready for connections.
Version: '5.1.53-community-log'  socket: ''  port: 3306  MySQL Community Server (GPL)
110908  2:24:38 [Note] wampmysqld: Normal shutdown

110908  2:24:38 [Note] Event Scheduler: Purging the queue. 0 events
110908  2:24:38  InnoDB: Starting shutdown...
110908  2:24:39  InnoDB: Shutdown completed; log sequence number 0 44233
110908  2:24:39 [Note] wampmysqld: Shutdown complete

110910 16:44:54 [Note] Plugin 'FEDERATED' is disabled.
110910 16:44:55  InnoDB: Started; log sequence number 0 44233
110910 16:44:56 [Note] Event Scheduler: Loaded 0 events
110910 16:44:56 [Note] wampmysqld: ready for connections.
Version: '5.1.53-community-log'  socket: ''  port: 3306  MySQL Community Server (GPL)
110911  1:29:11 [Note] wampmysqld: Normal shutdown

110911  1:29:12 [Note] Event Scheduler: Purging the queue. 0 events
110911  1:29:14  InnoDB: Starting shutdown...
110911  1:29:20  InnoDB: Shutdown completed; log sequence number 0 44233
110911  1:29:21 [Note] wampmysqld: Shutdown complete

111023  8:50:03 [Note] Plugin 'FEDERATED' is disabled.
111023  8:50:04  InnoDB: Started; log sequence number 0 44233
111023  8:50:06 [Note] Event Scheduler: Loaded 0 events
111023  8:50:06 [Note] wampmysqld: ready for connections.
Version: '5.1.53-community-log'  socket: ''  port: 3306  MySQL Community Server (GPL)
111106 19:55:44 [Note] Plugin 'FEDERATED' is disabled.
111106 19:55:45  InnoDB: Started; log sequence number 0 44233
111106 19:55:45 [Note] Recovering after a crash using mysql-bin
111106 19:55:45 [Note] Starting crash recovery...
111106 19:55:45 [Note] Crash recovery finished.
111106 19:55:47 [Note] Event Scheduler: Loaded 0 events
111106 19:55:47 [Note] wampmysqld: ready for connections.
Version: '5.1.53-community-log'  socket: ''  port: 3306  MySQL Community Server (GPL)
111107  0:33:09 [Note] wampmysqld: Normal shutdown

111107  0:33:09 [Note] Event Scheduler: Purging the queue. 0 events
111107  0:33:09  InnoDB: Starting shutdown...
111107  0:33:14  InnoDB: Shutdown completed; log sequence number 0 44233
111107  0:33:14 [Note] wampmysqld: Shutdown complete

111108  9:01:46 [Note] Plugin 'FEDERATED' is disabled.
111108  9:01:47  InnoDB: Started; log sequence number 0 44233
111108  9:01:51 [Note] Event Scheduler: Loaded 0 events
111108  9:01:51 [Note] wampmysqld: ready for connections.
Version: '5.1.53-community-log'  socket: ''  port: 3306  MySQL Community Server (GPL)
111112  0:01:46 [Note] wampmysqld: Normal shutdown

111112  0:01:47 [Note] Event Scheduler: Purging the queue. 0 events
111112  0:01:49  InnoDB: Starting shutdown...
111112  0:01:50  InnoDB: Shutdown completed; log sequence number 0 44233
111112  0:01:50 [Note] wampmysqld: Shutdown complete

120722 22:52:22 [Note] Plugin 'FEDERATED' is disabled.
120722 22:52:23  InnoDB: Started; log sequence number 0 44233
120722 22:52:27 [Note] Event Scheduler: Loaded 0 events
120722 22:52:27 [Note] wampmysqld: ready for connections.
Version: '5.1.53-community-log'  socket: ''  port: 3306  MySQL Community Server (GPL)
120723 13:20:43 [Note] wampmysqld: Normal shutdown

120723 13:20:43 [Note] Event Scheduler: Purging the queue. 0 events
120723 13:20:43  InnoDB: Starting shutdown...
120723 13:20:49  InnoDB: Shutdown completed; log sequence number 0 44233
120723 13:20:49 [Note] wampmysqld: Shutdown complete

120727 12:10:09 [Note] Plugin 'FEDERATED' is disabled.
120727 12:10:13  InnoDB: Started; log sequence number 0 44233
120727 12:10:24 [Note] Event Scheduler: Loaded 0 events
120727 12:10:24 [Note] wampmysqld: ready for connections.
Version: '5.1.53-community-log'  socket: ''  port: 3306  MySQL Community Server (GPL)
120727 19:46:44 [Note] wampmysqld: Normal shutdown

120727 19:46:44 [Note] Event Scheduler: Purging the queue. 0 events
120727 19:46:44  InnoDB: Starting shutdown...
120727 19:46:46  InnoDB: Shutdown completed; log sequence number 0 44233
120727 19:46:46 [Note] wampmysqld: Shutdown complete

120728 11:45:20 [Note] Plugin 'FEDERATED' is disabled.
120728 11:45:21  InnoDB: Started; log sequence number 0 44233
120728 11:45:23 [Note] Event Scheduler: Loaded 0 events
120728 11:45:23 [Note] wampmysqld: ready for connections.
Version: '5.1.53-community-log'  socket: ''  port: 3306  MySQL Community Server (GPL)
120728 15:44:55 [Note] wampmysqld: Normal shutdown

120728 15:44:55 [Note] Event Scheduler: Purging the queue. 0 events
120728 15:44:56  InnoDB: Starting shutdown...
120728 15:44:57  InnoDB: Shutdown completed; log sequence number 0 44233
120728 15:44:57 [Note] wampmysqld: Shutdown complete

120728 19:53:18 [Note] Plugin 'FEDERATED' is disabled.
120728 19:53:19  InnoDB: Started; log sequence number 0 44233
120728 19:53:20 [Note] Event Scheduler: Loaded 0 events
120728 19:53:20 [Note] wampmysqld: ready for connections.
Version: '5.1.53-community-log'  socket: ''  port: 3306  MySQL Community Server (GPL)
