120818 12:24:40 [Note] Plugin 'FEDERATED' is disabled.
InnoDB: The first specified data file .\ibdata1 did not exist:
InnoDB: a new database to be created!
120818 12:24:40  InnoDB: Setting file .\ibdata1 size to 10 MB
InnoDB: Database physically writes the file full: wait...
120818 12:24:40  InnoDB: Log file .\ib_logfile0 did not exist: new to be created
InnoDB: Setting log file .\ib_logfile0 size to 5 MB
InnoDB: Database physically writes the file full: wait...
120818 12:24:41  InnoDB: Log file .\ib_logfile1 did not exist: new to be created
InnoDB: Setting log file .\ib_logfile1 size to 5 MB
InnoDB: Database physically writes the file full: wait...
InnoDB: Doublewrite buffer not found: creating new
InnoDB: Doublewrite buffer created
InnoDB: Creating foreign key constraint system tables
InnoDB: Foreign key constraint system tables created
120818 12:24:42  InnoDB: Started; log sequence number 0 0
120818 12:24:43 [Note] Event Scheduler: Loaded 0 events
120818 12:24:43 [Note] wampmysqld: ready for connections.
Version: '5.1.53-community-log'  socket: ''  port: 3306  MySQL Community Server (GPL)
120818 15:23:05 [Note] wampmysqld: Normal shutdown

120818 15:23:06 [Note] Event Scheduler: Purging the queue. 0 events
120818 15:23:11  InnoDB: Starting shutdown...
120818 15:23:13  InnoDB: Shutdown completed; log sequence number 0 44233
120818 15:23:13 [Note] wampmysqld: Shutdown complete

120826 10:42:39 [Note] Plugin 'FEDERATED' is disabled.
120826 10:42:41  InnoDB: Started; log sequence number 0 44233
120826 10:42:49 [Note] Event Scheduler: Loaded 0 events
120826 10:42:49 [Note] wampmysqld: ready for connections.
Version: '5.1.53-community-log'  socket: ''  port: 3306  MySQL Community Server (GPL)
120826 10:43:25 [Note] wampmysqld: Normal shutdown

120826 10:43:25 [Note] Event Scheduler: Purging the queue. 0 events
120826 10:43:25  InnoDB: Starting shutdown...
120826 10:43:26  InnoDB: Shutdown completed; log sequence number 0 44233
120826 10:43:26 [Note] wampmysqld: Shutdown complete

120826 10:45:45 [Note] Plugin 'FEDERATED' is disabled.
120826 10:45:51  InnoDB: Started; log sequence number 0 44233
120826 10:45:51 [Note] Event Scheduler: Loaded 0 events
120826 10:45:51 [Note] wampmysqld: ready for connections.
Version: '5.1.53-community-log'  socket: ''  port: 3306  MySQL Community Server (GPL)
120828 11:26:05 [Note] Plugin 'FEDERATED' is disabled.
120828 11:26:06  InnoDB: Started; log sequence number 0 44233
120828 11:26:06 [Note] Recovering after a crash using mysql-bin
120828 11:26:06 [Note] Starting crash recovery...
120828 11:26:06 [Note] Crash recovery finished.
120828 11:26:10 [Note] Event Scheduler: Loaded 0 events
120828 11:26:10 [Note] wampmysqld: ready for connections.
Version: '5.1.53-community-log'  socket: ''  port: 3306  MySQL Community Server (GPL)
120828 14:37:51 [Note] Plugin 'FEDERATED' is disabled.
120828 14:37:52  InnoDB: Started; log sequence number 0 44233
120828 14:37:52 [Note] Recovering after a crash using mysql-bin
120828 14:37:52 [Note] Starting crash recovery...
120828 14:37:52 [Note] Crash recovery finished.
120828 14:37:57 [Note] Event Scheduler: Loaded 0 events
120828 14:37:57 [Note] wampmysqld: ready for connections.
Version: '5.1.53-community-log'  socket: ''  port: 3306  MySQL Community Server (GPL)
120828 23:02:57 [Note] wampmysqld: Normal shutdown

120828 23:02:57 [Note] Event Scheduler: Purging the queue. 0 events
120828 23:02:57  InnoDB: Starting shutdown...
120828 23:02:58  InnoDB: Shutdown completed; log sequence number 0 44233
120828 23:02:58 [Note] wampmysqld: Shutdown complete

120923  0:35:51 [Note] Plugin 'FEDERATED' is disabled.
120923  0:35:51  InnoDB: Started; log sequence number 0 44233
120923  0:35:56 [Note] Event Scheduler: Loaded 0 events
120923  0:35:56 [Note] wampmysqld: ready for connections.
Version: '5.1.53-community-log'  socket: ''  port: 3306  MySQL Community Server (GPL)
120923  9:45:23 [Note] Plugin 'FEDERATED' is disabled.
120923  9:45:24  InnoDB: Started; log sequence number 0 44233
120923  9:45:24 [Note] Recovering after a crash using mysql-bin
120923  9:45:24 [Note] Starting crash recovery...
120923  9:45:24 [Note] Crash recovery finished.
120923  9:45:30 [Note] Event Scheduler: Loaded 0 events
120923  9:45:30 [Note] wampmysqld: ready for connections.
Version: '5.1.53-community-log'  socket: ''  port: 3306  MySQL Community Server (GPL)
120923  9:49:30 [Note] wampmysqld: Normal shutdown

120923  9:49:30 [Note] Event Scheduler: Purging the queue. 0 events
120923  9:49:31  InnoDB: Starting shutdown...
120923  9:49:37  InnoDB: Shutdown completed; log sequence number 0 44233
120923  9:49:37 [Note] wampmysqld: Shutdown complete

120923 10:17:32 [Note] Plugin 'FEDERATED' is disabled.
120923 10:17:32  InnoDB: Started; log sequence number 0 44233
120923 10:17:32 [Note] Event Scheduler: Loaded 0 events
120923 10:17:32 [Note] wampmysqld: ready for connections.
Version: '5.1.53-community-log'  socket: ''  port: 3306  MySQL Community Server (GPL)
120926  1:26:09 [Note] Plugin 'FEDERATED' is disabled.
120926  1:26:10  InnoDB: Started; log sequence number 0 44233
120926  1:26:10 [Note] Recovering after a crash using mysql-bin
120926  1:26:10 [Note] Starting crash recovery...
120926  1:26:10 [Note] Crash recovery finished.
120926  1:26:14 [Note] Event Scheduler: Loaded 0 events
120926  1:26:14 [Note] wampmysqld: ready for connections.
Version: '5.1.53-community-log'  socket: ''  port: 3306  MySQL Community Server (GPL)
120926  4:04:01 [Note] wampmysqld: Normal shutdown

120926  4:04:01 [Note] Event Scheduler: Purging the queue. 0 events
120926  4:04:01  InnoDB: Starting shutdown...
120926  4:04:05  InnoDB: Shutdown completed; log sequence number 0 44243
120926  4:04:05 [Note] wampmysqld: Shutdown complete

120926 11:07:59 [Note] Plugin 'FEDERATED' is disabled.
120926 11:08:01  InnoDB: Started; log sequence number 0 44243
120926 11:08:09 [Note] Event Scheduler: Loaded 0 events
120926 11:08:09 [Note] wampmysqld: ready for connections.
Version: '5.1.53-community-log'  socket: ''  port: 3306  MySQL Community Server (GPL)
120927 23:01:57 [Note] wampmysqld: Normal shutdown

120927 23:01:58 [Note] Event Scheduler: Purging the queue. 0 events
120927 23:01:58  InnoDB: Starting shutdown...
120927 23:02:03  InnoDB: Shutdown completed; log sequence number 0 44243
120927 23:02:03 [Note] wampmysqld: Shutdown complete

121012 22:31:02 [Note] Plugin 'FEDERATED' is disabled.
121012 22:31:02  InnoDB: Started; log sequence number 0 44243
121012 22:31:04 [Note] Event Scheduler: Loaded 0 events
121012 22:31:04 [Note] wampmysqld: ready for connections.
Version: '5.1.53-community-log'  socket: ''  port: 3306  MySQL Community Server (GPL)
121014 11:08:16 [Note] Plugin 'FEDERATED' is disabled.
121014 11:08:17  InnoDB: Started; log sequence number 0 44243
121014 11:08:17 [Note] Recovering after a crash using mysql-bin
121014 11:08:17 [Note] Starting crash recovery...
121014 11:08:17 [Note] Crash recovery finished.
121014 11:08:19 [Note] Event Scheduler: Loaded 0 events
121014 11:08:19 [Note] wampmysqld: ready for connections.
Version: '5.1.53-community-log'  socket: ''  port: 3306  MySQL Community Server (GPL)
121015 19:28:19 [Note] Plugin 'FEDERATED' is disabled.
121015 19:28:19  InnoDB: Started; log sequence number 0 44243
121015 19:28:19 [Note] Recovering after a crash using mysql-bin
121015 19:28:19 [Note] Starting crash recovery...
121015 19:28:19 [Note] Crash recovery finished.
121015 19:28:23 [Note] Event Scheduler: Loaded 0 events
121015 19:28:23 [Note] wampmysqld: ready for connections.
Version: '5.1.53-community-log'  socket: ''  port: 3306  MySQL Community Server (GPL)
121016  2:29:31 [Note] wampmysqld: Normal shutdown

121016  2:29:32 [Note] Event Scheduler: Purging the queue. 0 events
121016 22:01:40 [Note] Plugin 'FEDERATED' is disabled.
121016 22:01:40  InnoDB: Started; log sequence number 0 44243
121016 22:01:43 [Note] Event Scheduler: Loaded 0 events
121016 22:01:43 [Note] wampmysqld: ready for connections.
Version: '5.1.53-community-log'  socket: ''  port: 3306  MySQL Community Server (GPL)
121017  1:12:08 [Note] wampmysqld: Normal shutdown

121017  1:12:08 [Note] Event Scheduler: Purging the queue. 0 events
121017  1:12:08  InnoDB: Starting shutdown...
121017  1:12:14  InnoDB: Shutdown completed; log sequence number 0 44243
121017  1:12:14 [Note] wampmysqld: Shutdown complete

121018 22:41:12 [Note] Plugin 'FEDERATED' is disabled.
121018 22:41:13  InnoDB: Started; log sequence number 0 44243
121018 22:41:16 [Note] Event Scheduler: Loaded 0 events
121018 22:41:16 [Note] wampmysqld: ready for connections.
Version: '5.1.53-community-log'  socket: ''  port: 3306  MySQL Community Server (GPL)
121019 11:43:06 [Note] Plugin 'FEDERATED' is disabled.
121019 11:43:07  InnoDB: Started; log sequence number 0 44243
121019 11:43:07 [Note] Recovering after a crash using mysql-bin
121019 11:43:07 [Note] Starting crash recovery...
121019 11:43:07 [Note] Crash recovery finished.
121019 11:43:10 [Note] Event Scheduler: Loaded 0 events
121019 11:43:10 [Note] wampmysqld: ready for connections.
Version: '5.1.53-community-log'  socket: ''  port: 3306  MySQL Community Server (GPL)
121021 11:17:21 [Note] Plugin 'FEDERATED' is disabled.
121021 11:17:22  InnoDB: Started; log sequence number 0 44243
121021 11:17:22 [Note] Recovering after a crash using mysql-bin
121021 11:17:22 [Note] Starting crash recovery...
121021 11:17:22 [Note] Crash recovery finished.
121021 11:17:24 [Note] Event Scheduler: Loaded 0 events
121021 11:17:24 [Note] wampmysqld: ready for connections.
Version: '5.1.53-community-log'  socket: ''  port: 3306  MySQL Community Server (GPL)
121021 13:23:26 [Note] Plugin 'FEDERATED' is disabled.
121021 13:23:26  InnoDB: Started; log sequence number 0 44243
121021 13:23:26 [Note] Recovering after a crash using mysql-bin
121021 13:23:26 [Note] Starting crash recovery...
121021 13:23:26 [Note] Crash recovery finished.
121021 13:23:27 [Note] Event Scheduler: Loaded 0 events
121021 13:23:27 [Note] wampmysqld: ready for connections.
Version: '5.1.53-community-log'  socket: ''  port: 3306  MySQL Community Server (GPL)
121021 23:30:15 [Note] wampmysqld: Normal shutdown

121021 23:30:15 [Note] Event Scheduler: Purging the queue. 0 events
121021 23:30:16  InnoDB: Starting shutdown...
121021 23:30:18  InnoDB: Shutdown completed; log sequence number 0 44243
121021 23:30:18 [Note] wampmysqld: Shutdown complete

121023 16:31:56 [Note] Plugin 'FEDERATED' is disabled.
121023 16:31:56  InnoDB: Started; log sequence number 0 44243
121023 16:32:04 [Note] Event Scheduler: Loaded 0 events
121023 16:32:04 [Note] wampmysqld: ready for connections.
Version: '5.1.53-community-log'  socket: ''  port: 3306  MySQL Community Server (GPL)
121023 17:08:24 [Note] wampmysqld: Normal shutdown

121023 17:08:24 [Note] Event Scheduler: Purging the queue. 0 events
121023 17:08:24  InnoDB: Starting shutdown...
121023 17:08:25  InnoDB: Shutdown completed; log sequence number 0 44243
121023 17:08:25 [Note] wampmysqld: Shutdown complete

121024 16:09:24 [Note] Plugin 'FEDERATED' is disabled.
121024 16:09:25  InnoDB: Started; log sequence number 0 44243
121024 16:09:46 [Note] Event Scheduler: Loaded 0 events
121024 16:09:46 [Note] wampmysqld: ready for connections.
Version: '5.1.53-community-log'  socket: ''  port: 3306  MySQL Community Server (GPL)
121024 21:58:16 [Note] Plugin 'FEDERATED' is disabled.
121024 21:58:16  InnoDB: Started; log sequence number 0 44243
121024 21:58:16 [Note] Recovering after a crash using mysql-bin
121024 21:58:16 [Note] Starting crash recovery...
121024 21:58:16 [Note] Crash recovery finished.
121024 21:58:20 [Note] Event Scheduler: Loaded 0 events
121024 21:58:20 [Note] wampmysqld: ready for connections.
Version: '5.1.53-community-log'  socket: ''  port: 3306  MySQL Community Server (GPL)
121025  2:45:34 [Note] wampmysqld: Normal shutdown

121025  2:45:34 [Note] Event Scheduler: Purging the queue. 0 events
121025  2:45:34  InnoDB: Starting shutdown...
121025  2:45:37  InnoDB: Shutdown completed; log sequence number 0 44243
121025  2:45:37 [Note] wampmysqld: Shutdown complete

121026  0:03:52 [Note] Plugin 'FEDERATED' is disabled.
121026  0:03:52  InnoDB: Started; log sequence number 0 44243
121026  0:03:53 [Note] Event Scheduler: Loaded 0 events
121026  0:03:53 [Note] wampmysqld: ready for connections.
Version: '5.1.53-community-log'  socket: ''  port: 3306  MySQL Community Server (GPL)
121026  2:32:49 [Note] wampmysqld: Normal shutdown

121026  2:32:49 [Note] Event Scheduler: Purging the queue. 0 events
121026  2:32:49  InnoDB: Starting shutdown...
121026  2:32:50  InnoDB: Shutdown completed; log sequence number 0 44243
121026  2:32:50 [Note] wampmysqld: Shutdown complete

121027 10:06:30 [Note] Plugin 'FEDERATED' is disabled.
121027 10:06:31  InnoDB: Started; log sequence number 0 44243
121027 10:06:35 [Note] Event Scheduler: Loaded 0 events
121027 10:06:35 [Note] wampmysqld: ready for connections.
Version: '5.1.53-community-log'  socket: ''  port: 3306  MySQL Community Server (GPL)
121028  9:47:19 [Note] Plugin 'FEDERATED' is disabled.
121028  9:47:20  InnoDB: Started; log sequence number 0 44243
121028  9:47:20 [Note] Recovering after a crash using mysql-bin
121028  9:47:20 [Note] Starting crash recovery...
121028  9:47:20 [Note] Crash recovery finished.
121028  9:47:24 [Note] Event Scheduler: Loaded 0 events
121028  9:47:24 [Note] wampmysqld: ready for connections.
Version: '5.1.53-community-log'  socket: ''  port: 3306  MySQL Community Server (GPL)
121028 12:40:22 [Note] wampmysqld: Normal shutdown

121028 12:40:22 [Note] Event Scheduler: Purging the queue. 0 events
121028 12:40:22  InnoDB: Starting shutdown...
121028 12:40:29  InnoDB: Shutdown completed; log sequence number 0 44243
121028 12:40:29 [Note] wampmysqld: Shutdown complete

121028 13:44:17 [Note] Plugin 'FEDERATED' is disabled.
121028 13:44:18  InnoDB: Started; log sequence number 0 44243
121028 13:44:27 [Note] Event Scheduler: Loaded 0 events
121028 13:44:27 [Note] wampmysqld: ready for connections.
Version: '5.1.53-community-log'  socket: ''  port: 3306  MySQL Community Server (GPL)
121028 16:09:06 [Note] Plugin 'FEDERATED' is disabled.
121028 16:09:07  InnoDB: Started; log sequence number 0 44243
121028 16:09:07 [Note] Recovering after a crash using mysql-bin
121028 16:09:07 [Note] Starting crash recovery...
121028 16:09:07 [Note] Crash recovery finished.
121028 16:09:12 [Note] Event Scheduler: Loaded 0 events
121028 16:09:12 [Note] wampmysqld: ready for connections.
Version: '5.1.53-community-log'  socket: ''  port: 3306  MySQL Community Server (GPL)
121028 23:51:43 [Note] wampmysqld: Normal shutdown

121028 23:51:43 [Note] Event Scheduler: Purging the queue. 0 events
121028 23:51:47  InnoDB: Starting shutdown...
121028 23:51:49  InnoDB: Shutdown completed; log sequence number 0 44243
121028 23:51:49 [Note] wampmysqld: Shutdown complete

121029  8:45:23 [Note] Plugin 'FEDERATED' is disabled.
121029  8:45:24  InnoDB: Started; log sequence number 0 44243
121029  8:45:51 [Note] Event Scheduler: Loaded 0 events
121029  8:45:51 [Note] wampmysqld: ready for connections.
Version: '5.1.53-community-log'  socket: ''  port: 3306  MySQL Community Server (GPL)
121029  9:55:50 [Note] wampmysqld: Normal shutdown

121029  9:55:51 [Note] Event Scheduler: Purging the queue. 0 events
121029  9:55:51  InnoDB: Starting shutdown...
121029  9:55:52  InnoDB: Shutdown completed; log sequence number 0 44243
121029  9:55:52 [Note] wampmysqld: Shutdown complete

121030 17:10:39 [Note] Plugin 'FEDERATED' is disabled.
121030 17:10:40  InnoDB: Started; log sequence number 0 44243
121030 17:10:46 [Note] Event Scheduler: Loaded 0 events
121030 17:10:46 [Note] wampmysqld: ready for connections.
Version: '5.1.53-community-log'  socket: ''  port: 3306  MySQL Community Server (GPL)
121030 23:41:58 [Note] Plugin 'FEDERATED' is disabled.
121030 23:41:58  InnoDB: Started; log sequence number 0 44243
121030 23:41:58 [Note] Recovering after a crash using mysql-bin
121030 23:41:58 [Note] Starting crash recovery...
121030 23:41:58 [Note] Crash recovery finished.
121030 23:42:04 [Note] Event Scheduler: Loaded 0 events
121030 23:42:04 [Note] wampmysqld: ready for connections.
Version: '5.1.53-community-log'  socket: ''  port: 3306  MySQL Community Server (GPL)
121031  0:34:44 [Note] wampmysqld: Normal shutdown

121031  0:34:44 [Note] Event Scheduler: Purging the queue. 0 events
121031  0:34:44  InnoDB: Starting shutdown...
121031  0:34:51  InnoDB: Shutdown completed; log sequence number 0 44243
121031  0:34:51 [Note] wampmysqld: Shutdown complete

121031  9:08:13 [Note] Plugin 'FEDERATED' is disabled.
121031  9:08:14  InnoDB: Started; log sequence number 0 44243
121031  9:08:21 [Note] Event Scheduler: Loaded 0 events
121031  9:08:21 [Note] wampmysqld: ready for connections.
Version: '5.1.53-community-log'  socket: ''  port: 3306  MySQL Community Server (GPL)
121031 15:26:25 [Note] wampmysqld: Normal shutdown

121031 15:26:25 [Note] Event Scheduler: Purging the queue. 0 events
121031 15:26:25  InnoDB: Starting shutdown...
121031 15:26:27  InnoDB: Shutdown completed; log sequence number 0 44243
121031 15:26:27 [Note] wampmysqld: Shutdown complete

121102  0:29:16 [Note] Plugin 'FEDERATED' is disabled.
121102  0:29:16  InnoDB: Started; log sequence number 0 44243
121102  0:29:19 [Note] Event Scheduler: Loaded 0 events
121102  0:29:19 [Note] wampmysqld: ready for connections.
Version: '5.1.53-community-log'  socket: ''  port: 3306  MySQL Community Server (GPL)
